/Users/niru/.rvm/gems/ruby-2.4.3/gems/unicorn-5.4.1/lib/unicorn/http_server.rb:205:in `pid=': Already running on PID:5798 (or pid=tmp/pids/unicorn.pid is stale) (ArgumentError)
	from /Users/niru/.rvm/gems/ruby-2.4.3/gems/unicorn-5.4.1/lib/unicorn/http_server.rb:137:in `start'
	from /Users/niru/.rvm/gems/ruby-2.4.3/gems/unicorn-5.4.1/bin/unicorn:126:in `<top (required)>'
	from /Users/niru/.rvm/gems/ruby-2.4.3/bin/unicorn:23:in `load'
	from /Users/niru/.rvm/gems/ruby-2.4.3/bin/unicorn:23:in `<main>'
	from /Users/niru/.rvm/gems/ruby-2.4.3/bin/ruby_executable_hooks:15:in `eval'
	from /Users/niru/.rvm/gems/ruby-2.4.3/bin/ruby_executable_hooks:15:in `<main>'
I, [2019-01-06T13:44:08.236479 #6196]  INFO -- : Refreshing Gem list
F, [2019-01-06T13:44:12.275717 #6196] FATAL -- : error adding listener addr=log/server.log
/Users/niru/.rvm/gems/ruby-2.4.3/gems/unicorn-5.4.1/lib/unicorn/socket_helper.rb:146:in `bind_listen': Don't know how to bind: log/server.log (ArgumentError)
	from /Users/niru/.rvm/gems/ruby-2.4.3/gems/unicorn-5.4.1/lib/unicorn/http_server.rb:241:in `listen'
	from /Users/niru/.rvm/gems/ruby-2.4.3/gems/unicorn-5.4.1/lib/unicorn/http_server.rb:851:in `block in bind_new_listeners!'
	from /Users/niru/.rvm/gems/ruby-2.4.3/gems/unicorn-5.4.1/lib/unicorn/http_server.rb:851:in `each'
	from /Users/niru/.rvm/gems/ruby-2.4.3/gems/unicorn-5.4.1/lib/unicorn/http_server.rb:851:in `bind_new_listeners!'
	from /Users/niru/.rvm/gems/ruby-2.4.3/gems/unicorn-5.4.1/lib/unicorn/http_server.rb:140:in `start'
	from /Users/niru/.rvm/gems/ruby-2.4.3/gems/unicorn-5.4.1/bin/unicorn:126:in `<top (required)>'
	from /Users/niru/.rvm/gems/ruby-2.4.3/bin/unicorn:23:in `load'
	from /Users/niru/.rvm/gems/ruby-2.4.3/bin/unicorn:23:in `<main>'
	from /Users/niru/.rvm/gems/ruby-2.4.3/bin/ruby_executable_hooks:15:in `eval'
	from /Users/niru/.rvm/gems/ruby-2.4.3/bin/ruby_executable_hooks:15:in `<main>'
I, [2019-01-06T13:45:44.064504 #6207]  INFO -- : Refreshing Gem list
I, [2019-01-06T13:45:47.939429 #6207]  INFO -- : unlinking existing socket=/tmp/.sock
I, [2019-01-06T13:45:47.940566 #6207]  INFO -- : listening on addr=/tmp/.sock fd=17
I, [2019-01-06T13:45:47.941145 #6207]  INFO -- : listening on addr=0.0.0.0:9000 fd=18
I, [2019-01-06T13:45:49.440424 #6207]  INFO -- : master process ready
I, [2019-01-06T13:45:49.454996 #6216]  INFO -- : worker=0 ready
127.0.0.1 - - [06/Jan/2019:13:46:31 +0530] "GET /api/thermostats/1/stats HTTP/1.1" 200 - 0.6162
127.0.0.1 - - [06/Jan/2019:13:46:34 +0530] "GET /api/thermostats/1 HTTP/1.1" 200 - 0.4555
127.0.0.1 - - [06/Jan/2019:13:46:37 +0530] "GET /api/readings/f27a7e3e-1920-437f-a64e-f1b538519e6b HTTP/1.1" 200 - 0.0138
127.0.0.1 - - [06/Jan/2019:13:46:42 +0530] "POST /api/readings HTTP/1.1" 400 - 0.0106
I, [2019-01-06T14:02:57.130588 #8588]  INFO -- : Refreshing Gem list
/Users/niru/.rvm/gems/ruby-2.4.3/gems/bootsnap-1.3.2/lib/bootsnap/load_path_cache/core_ext/kernel_require.rb:32:in `require': Could not load the 'listen' gem. Add `gem 'listen'` to the development group of your Gemfile (LoadError)
	from /Users/niru/.rvm/gems/ruby-2.4.3/gems/activesupport-5.2.2/lib/active_support/dependencies.rb:291:in `block in require'
	from /Users/niru/.rvm/gems/ruby-2.4.3/gems/activesupport-5.2.2/lib/active_support/dependencies.rb:257:in `load_dependency'
	from /Users/niru/.rvm/gems/ruby-2.4.3/gems/activesupport-5.2.2/lib/active_support/dependencies.rb:291:in `require'
	from /Users/niru/.rvm/gems/ruby-2.4.3/gems/activesupport-5.2.2/lib/active_support/evented_file_update_checker.rb:61:in `block in initialize'
	from /Users/niru/.rvm/gems/ruby-2.4.3/gems/activesupport-5.2.2/lib/active_support/core_ext/kernel/reporting.rb:15:in `block in silence_warnings'
	from /Users/niru/.rvm/gems/ruby-2.4.3/gems/activesupport-5.2.2/lib/active_support/core_ext/kernel/reporting.rb:28:in `with_warnings'
	from /Users/niru/.rvm/gems/ruby-2.4.3/gems/activesupport-5.2.2/lib/active_support/core_ext/kernel/reporting.rb:15:in `silence_warnings'
	from /Users/niru/.rvm/gems/ruby-2.4.3/gems/activesupport-5.2.2/lib/active_support/evented_file_update_checker.rb:59:in `initialize'
	from /Users/niru/.rvm/gems/ruby-2.4.3/gems/activesupport-5.2.2/lib/active_support/i18n_railtie.rb:61:in `new'
	from /Users/niru/.rvm/gems/ruby-2.4.3/gems/activesupport-5.2.2/lib/active_support/i18n_railtie.rb:61:in `initialize_i18n'
	from /Users/niru/.rvm/gems/ruby-2.4.3/gems/activesupport-5.2.2/lib/active_support/i18n_railtie.rb:19:in `block in <class:Railtie>'
	from /Users/niru/.rvm/gems/ruby-2.4.3/gems/activesupport-5.2.2/lib/active_support/lazy_load_hooks.rb:69:in `block in execute_hook'
	from /Users/niru/.rvm/gems/ruby-2.4.3/gems/activesupport-5.2.2/lib/active_support/lazy_load_hooks.rb:62:in `with_execution_control'
	from /Users/niru/.rvm/gems/ruby-2.4.3/gems/activesupport-5.2.2/lib/active_support/lazy_load_hooks.rb:67:in `execute_hook'
	from /Users/niru/.rvm/gems/ruby-2.4.3/gems/activesupport-5.2.2/lib/active_support/lazy_load_hooks.rb:52:in `block in run_load_hooks'
	from /Users/niru/.rvm/gems/ruby-2.4.3/gems/activesupport-5.2.2/lib/active_support/lazy_load_hooks.rb:51:in `each'
	from /Users/niru/.rvm/gems/ruby-2.4.3/gems/activesupport-5.2.2/lib/active_support/lazy_load_hooks.rb:51:in `run_load_hooks'
	from /Users/niru/.rvm/gems/ruby-2.4.3/gems/railties-5.2.2/lib/rails/application/finisher.rb:75:in `block in <module:Finisher>'
	from /Users/niru/.rvm/gems/ruby-2.4.3/gems/railties-5.2.2/lib/rails/initializable.rb:32:in `instance_exec'
	from /Users/niru/.rvm/gems/ruby-2.4.3/gems/railties-5.2.2/lib/rails/initializable.rb:32:in `run'
	from /Users/niru/.rvm/gems/ruby-2.4.3/gems/railties-5.2.2/lib/rails/initializable.rb:61:in `block in run_initializers'
	from /Users/niru/.rvm/rubies/ruby-2.4.3/lib/ruby/2.4.0/tsort.rb:228:in `block in tsort_each'
	from /Users/niru/.rvm/rubies/ruby-2.4.3/lib/ruby/2.4.0/tsort.rb:350:in `block (2 levels) in each_strongly_connected_component'
	from /Users/niru/.rvm/rubies/ruby-2.4.3/lib/ruby/2.4.0/tsort.rb:431:in `each_strongly_connected_component_from'
	from /Users/niru/.rvm/rubies/ruby-2.4.3/lib/ruby/2.4.0/tsort.rb:349:in `block in each_strongly_connected_component'
	from /Users/niru/.rvm/rubies/ruby-2.4.3/lib/ruby/2.4.0/tsort.rb:347:in `each'
	from /Users/niru/.rvm/rubies/ruby-2.4.3/lib/ruby/2.4.0/tsort.rb:347:in `call'
	from /Users/niru/.rvm/rubies/ruby-2.4.3/lib/ruby/2.4.0/tsort.rb:347:in `each_strongly_connected_component'
	from /Users/niru/.rvm/rubies/ruby-2.4.3/lib/ruby/2.4.0/tsort.rb:226:in `tsort_each'
	from /Users/niru/.rvm/rubies/ruby-2.4.3/lib/ruby/2.4.0/tsort.rb:205:in `tsort_each'
	from /Users/niru/.rvm/gems/ruby-2.4.3/gems/railties-5.2.2/lib/rails/initializable.rb:60:in `run_initializers'
	from /Users/niru/.rvm/gems/ruby-2.4.3/gems/railties-5.2.2/lib/rails/application.rb:361:in `initialize!'
	from /Users/niru/Projects/thermostat_api/config/environment.rb:5:in `<top (required)>'
	from config.ru:4:in `require_relative'
	from config.ru:4:in `block in <main>'
	from /Users/niru/.rvm/gems/ruby-2.4.3/gems/rack-2.0.6/lib/rack/builder.rb:55:in `instance_eval'
	from /Users/niru/.rvm/gems/ruby-2.4.3/gems/rack-2.0.6/lib/rack/builder.rb:55:in `initialize'
	from config.ru:1:in `new'
	from config.ru:1:in `<main>'
	from /Users/niru/.rvm/gems/ruby-2.4.3/gems/unicorn-5.4.1/lib/unicorn.rb:56:in `eval'
	from /Users/niru/.rvm/gems/ruby-2.4.3/gems/unicorn-5.4.1/lib/unicorn.rb:56:in `block in builder'
	from /Users/niru/.rvm/gems/ruby-2.4.3/gems/unicorn-5.4.1/lib/unicorn/http_server.rb:795:in `build_app!'
	from /Users/niru/.rvm/gems/ruby-2.4.3/gems/unicorn-5.4.1/lib/unicorn/http_server.rb:139:in `start'
	from /Users/niru/.rvm/gems/ruby-2.4.3/gems/unicorn-5.4.1/bin/unicorn:126:in `<top (required)>'
	from /Users/niru/.rvm/gems/ruby-2.4.3/bin/unicorn:23:in `load'
	from /Users/niru/.rvm/gems/ruby-2.4.3/bin/unicorn:23:in `<main>'
	from /Users/niru/.rvm/gems/ruby-2.4.3/bin/ruby_executable_hooks:15:in `eval'
	from /Users/niru/.rvm/gems/ruby-2.4.3/bin/ruby_executable_hooks:15:in `<main>'
I, [2019-01-06T14:05:38.638666 #9943]  INFO -- : Refreshing Gem list
I, [2019-01-06T14:05:39.700797 #9943]  INFO -- : unlinking existing socket=/tmp/.sock
I, [2019-01-06T14:05:39.707781 #9943]  INFO -- : listening on addr=/tmp/.sock fd=17
I, [2019-01-06T14:05:39.708366 #9943]  INFO -- : listening on addr=0.0.0.0:9000 fd=18
I, [2019-01-06T14:05:40.918235 #9943]  INFO -- : master process ready
I, [2019-01-06T14:05:40.933693 #9956]  INFO -- : worker=0 ready
I, [2019-01-06T14:15:33.562574 #10342]  INFO -- : Refreshing Gem list
I, [2019-01-06T14:15:36.066248 #10342]  INFO -- : unlinking existing socket=/tmp/.sock
I, [2019-01-06T14:15:36.067571 #10342]  INFO -- : listening on addr=/tmp/.sock fd=17
I, [2019-01-06T14:15:36.068381 #10342]  INFO -- : listening on addr=0.0.0.0:9000 fd=18
I, [2019-01-06T14:15:37.197689 #10342]  INFO -- : master process ready
I, [2019-01-06T14:15:37.210265 #10356]  INFO -- : worker=0 ready
I, [2019-01-06T14:20:37.953466 #10415]  INFO -- : Refreshing Gem list
I, [2019-01-06T14:20:39.188364 #10415]  INFO -- : unlinking existing socket=/tmp/.sock
I, [2019-01-06T14:20:39.190009 #10415]  INFO -- : listening on addr=/tmp/.sock fd=17
I, [2019-01-06T14:20:39.190609 #10415]  INFO -- : listening on addr=0.0.0.0:9000 fd=18
I, [2019-01-06T14:20:40.397052 #10415]  INFO -- : master process ready
I, [2019-01-06T14:20:40.408768 #10428]  INFO -- : worker=0 ready
D, [2019-01-06T15:37:17.503183 #10415] DEBUG -- : waiting 301.0s after suspend/hibernation
D, [2019-01-06T15:47:59.809247 #10415] DEBUG -- : waiting 301.0s after suspend/hibernation
D, [2019-01-06T19:52:01.732241 #10415] DEBUG -- : waiting 301.0s after suspend/hibernation
D, [2019-01-06T21:13:30.788116 #10415] DEBUG -- : waiting 301.0s after suspend/hibernation
D, [2019-01-06T21:50:48.918657 #10415] DEBUG -- : waiting 301.0s after suspend/hibernation
D, [2019-01-06T23:02:19.169087 #10415] DEBUG -- : waiting 301.0s after suspend/hibernation
